<?xml version="1.0" encoding="utf-8"?><testsuites name="pytest tests"><testsuite name="pytest" errors="0" failures="0" skipped="0" tests="104" time="47.410" timestamp="2026-09-04T01:46:35.077006+00:00" hostname="agent-env-0fe2677c-24ff-48b3-881c-93af87ae02cb"><testcase classname="tests.backend_test.TestHealthAndAuth" name="test_health" time="0.348" /><testcase classname="tests.backend_test.TestHealthAndAuth" name="test_login_success" time="0.088" /><testcase classname="tests.backend_test.TestHealthAndAuth" name="test_login_wrong_password" time="0.092" /><testcase classname="tests.backend_test.TestHealthAndAuth" name="test_login_wrong_username" time="0.162" /><testcase classname="tests.backend_test.TestHealthAndAuth" name="test_login_missing_field" time="0.078" /><testcase classname="tests.backend_test.TestHealthAndAuth" name="test_auth_me" time="0.473" /><testcase classname="tests.backend_test.TestAuthProtection" name="test_requires_token[get-/auth/me]" time="0.415" /><testcase classname="tests.backend_test.TestAuthProtection" name="test_requires_token[get-/stats/overview]" time="0.427" /><testcase classname="tests.backend_test.TestAuthProtection" name="test_requires_token[get-/tasks]" time="0.233" /><testcase classname="tests.backend_test.TestAuthProtection" name="test_requires_token[post-/tasks]" time="0.351" /><testcase classname="tests.backend_test.TestAuthProtection" name="test_requires_token[get-/submissions]" time="0.372" /><testcase classname="tests.backend_test.TestAuthProtection" name="test_requires_token[get-/withdrawals]" time="0.246" /><testcase classname="tests.backend_test.TestAuthProtection" name="test_requires_token[get-/users]" time="0.251" /><testcase classname="tests.backend_test.TestAuthProtection" name="test_requires_token[get-/users/802076701]" time="0.390" /><testcase classname="tests.backend_test.TestAuthProtection" name="test_requires_token[get-/broadcast/logs]" time="0.278" /><testcase classname="tests.backend_test.TestAuthProtection" name="test_requires_token[post-/broadcast/manual]" time="0.256" /><testcase classname="tests.backend_test.TestAuthProtection" name="test_requires_token[patch-/tasks/xyz]" time="0.364" /><testcase classname="tests.backend_test.TestAuthProtection" name="test_requires_token[delete-/tasks/xyz]" time="0.326" /><testcase classname="tests.backend_test.TestAuthProtection" name="test_requires_token[post-/submissions/xyz/approve]" time="0.408" /><testcase classname="tests.backend_test.TestAuthProtection" name="test_requires_token[post-/submissions/xyz/reject]" time="0.403" /><testcase classname="tests.backend_test.TestAuthProtection" name="test_requires_token[post-/withdrawals/xyz/approve]" time="0.360" /><testcase classname="tests.backend_test.TestAuthProtection" name="test_requires_token[post-/withdrawals/xyz/reject]" time="0.319" /><testcase classname="tests.backend_test.TestAuthProtection" name="test_requires_token[post-/users/802076701/adjust]" time="0.292" /><testcase classname="tests.backend_test.TestAuthProtection" name="test_invalid_token_rejected" time="0.538" /><testcase classname="tests.backend_test.TestAuthProtection" name="test_public_endpoints_open" time="0.139" /><testcase classname="tests.backend_test.TestStats" name="test_overview_shape" time="0.486" /><testcase classname="tests.backend_test.TestTaskCRUD" name="test_task_full_crud" time="0.927" /><testcase classname="tests.backend_test.TestTaskCRUD" name="test_create_task_validation" time="0.088" /><testcase classname="tests.backend_test.TestTaskCRUD" name="test_patch_nonexistent_task" time="0.094" /><testcase classname="tests.backend_test.TestTaskCRUD" name="test_delete_nonexistent_task" time="0.098" /><testcase classname="tests.backend_test.TestSubmissions" name="test_list_submissions_filters" time="0.236" /><testcase classname="tests.backend_test.TestSubmissions" name="test_approve_submission_credits_user" time="1.777" /><testcase classname="tests.backend_test.TestSubmissions" name="test_reject_submission" time="1.261" /><testcase classname="tests.backend_test.TestSubmissions" name="test_approve_nonexistent_submission" time="0.089" /><testcase classname="tests.backend_test.TestSubmissions" name="test_approve_submission_with_missing_task" time="0.101" /><testcase classname="tests.backend_test.TestWithdrawals" name="test_list_withdrawals" time="0.105" /><testcase classname="tests.backend_test.TestWithdrawals" name="test_approve_withdrawal_flow" time="1.782" /><testcase classname="tests.backend_test.TestWithdrawals" name="test_approve_withdrawal_requires_image" time="0.129" /><testcase classname="tests.backend_test.TestWithdrawals" name="test_reject_withdrawal_refunds" time="1.010" /><testcase classname="tests.backend_test.TestWithdrawals" name="test_withdrawal_not_found" time="0.123" /><testcase classname="tests.backend_test.TestWithdrawals" name="test_approve_withdrawal_missing_user" time="0.086" /><testcase classname="tests.backend_test.TestUsers" name="test_list_users" time="0.066" /><testcase classname="tests.backend_test.TestUsers" name="test_user_detail_and_adjust" time="2.096" /><testcase classname="tests.backend_test.TestUsers" name="test_adjust_cannot_go_negative" time="0.127" /><testcase classname="tests.backend_test.TestUsers" name="test_adjust_exact_to_zero_allowed" time="0.953" /><testcase classname="tests.backend_test.TestUsers" name="test_user_detail_not_found" time="0.069" /><testcase classname="tests.backend_test.TestUsers" name="test_adjust_user_not_found" time="0.059" /><testcase classname="tests.backend_test.TestUsers" name="test_user_detail_invalid_id_type" time="0.060" /><testcase classname="tests.backend_test.TestBroadcast" name="test_broadcast_logs" time="0.117" /><testcase classname="tests.backend_test.TestBroadcast" name="test_manual_broadcast" time="0.676" /><testcase classname="tests.backend_test.TestBroadcast" name="test_manual_broadcast_validation" time="0.055" /><testcase classname="tests.test_broadcast_rca.TestBroadcastMarkdownRCA" name="test_plain_text_broadcast_succeeds" time="0.449" /><testcase classname="tests.test_broadcast_rca.TestBroadcastMarkdownRCA" name="test_underscore_text_broadcast_ok" time="0.600" /><testcase classname="tests.test_broadcast_rca.TestBroadcastMarkdownRCA" name="test_asterisk_text_broadcast_ok" time="0.563" /><testcase classname="tests.test_broadcast_rca.TestBroadcastMarkdownRCA" name="test_withdraw_approve_broadcast_silently_fails_with_md_chars" time="1.506" /><testcase classname="tests.test_broadcast_rca.TestBroadcastMarkdownRCA" name="test_withdraw_approve_broadcast_ok_plain_note" time="4.599" /><testcase classname="tests.test_new_features.TestTaskCategories" name="test_list_categories" time="0.062" /><testcase classname="tests.test_new_features.TestTaskCategories" name="test_create_task_valid_category" time="0.134" /><testcase classname="tests.test_new_features.TestTaskCategories" name="test_create_task_invalid_category" time="0.083" /><testcase classname="tests.test_new_features.TestTaskCategories" name="test_create_task_default_category" time="0.067" /><testcase classname="tests.test_new_features.TestTaskCategories" name="test_patch_task_category" time="0.493" /><testcase classname="tests.test_new_features.TestMultiStateWallet" name="test_approve_moves_pending_to_active" time="1.014" /><testcase classname="tests.test_new_features.TestMultiStateWallet" name="test_reject_moves_pending_to_rejected_total" time="0.870" /><testcase classname="tests.test_new_features.TestMultiStateWallet" name="test_stats_include_total_pending_balance" time="0.266" /><testcase classname="tests.test_new_features.TestMultiStateWallet" name="test_approve_missing_submission_404" time="0.225" /><testcase classname="tests.test_new_features.TestChannelsAndBroadcast" name="test_channel_crud_broadcast" time="0.547" /><testcase classname="tests.test_new_features.TestChannelsAndBroadcast" name="test_channel_crud_mandatory" time="0.269" /><testcase classname="tests.test_new_features.TestChannelsAndBroadcast" name="test_channel_invalid_kind" time="0.060" /><testcase classname="tests.test_new_features.TestChannelsAndBroadcast" name="test_channel_invalid_username[somechan]" time="0.066" /><testcase classname="tests.test_new_features.TestChannelsAndBroadcast" name="test_channel_invalid_username[100123456]" time="0.067" /><testcase classname="tests.test_new_features.TestChannelsAndBroadcast" name="test_channel_invalid_username[https://t.me/x]" time="0.068" /><testcase classname="tests.test_new_features.TestChannelsAndBroadcast" name="test_patch_missing_channel_404" time="0.086" /><testcase classname="tests.test_new_features.TestChannelsAndBroadcast" name="test_broadcast_settings_toggle_and_gate" time="0.501" /><testcase classname="tests.test_new_features.TestChannelsAndBroadcast" name="test_manual_broadcast_specific_channel_ids" time="0.557" /><testcase classname="tests.test_new_features.TestChannelsAndBroadcast" name="test_manual_broadcast_all_active_channels" time="0.789" /><testcase classname="tests.test_new_features.TestChannelsAndBroadcast" name="test_manual_broadcast_skips_inactive_channel" time="0.780" /><testcase classname="tests.test_new_features.TestChannelsAndBroadcast" name="test_broadcast_resend_creates_new_log" time="0.864" /><testcase classname="tests.test_new_features.TestChannelsAndBroadcast" name="test_resend_missing_log_404" time="0.069" /><testcase classname="tests.test_new_features.TestChannelsAndBroadcast" name="test_resend_blocked_when_disabled" time="0.177" /><testcase classname="tests.test_new_features.TestChannelsAndBroadcast" name="test_manual_broadcast_real_channel_once" time="0.560" /><testcase classname="tests.test_new_features.TestChannelsAndBroadcast" name="test_manual_broadcast_empty_text_rejected" time="0.287" /><testcase classname="tests.test_new_features.TestFAQ" name="test_faq_crud_and_order" time="0.619" /><testcase classname="tests.test_new_features.TestFAQ" name="test_faq_missing_404" time="0.176" /><testcase classname="tests.test_new_features.TestFAQ" name="test_faq_missing_required_fields" time="0.155" /><testcase classname="tests.test_new_features.TestSupport" name="test_get_and_update_support" time="0.426" /><testcase classname="tests.test_new_features.TestNewEndpointsAuth" name="test_requires_bearer_token[get-/task-categories-None]" time="0.340" /><testcase classname="tests.test_new_features.TestNewEndpointsAuth" name="test_requires_bearer_token[get-/channels-None]" time="0.299" /><testcase classname="tests.test_new_features.TestNewEndpointsAuth" name="test_requires_bearer_token[post-/channels-body2]" time="0.244" /><testcase classname="tests.test_new_features.TestNewEndpointsAuth" name="test_requires_bearer_token[patch-/channels/x-body3]" time="0.226" /><testcase classname="tests.test_new_features.TestNewEndpointsAuth" name="test_requires_bearer_token[delete-/channels/x-None]" time="0.208" /><testcase classname="tests.test_new_features.TestNewEndpointsAuth" name="test_requires_bearer_token[get-/broadcast/settings-None]" time="0.211" /><testcase classname="tests.test_new_features.TestNewEndpointsAuth" name="test_requires_bearer_token[put-/broadcast/settings-body6]" time="0.162" /><testcase classname="tests.test_new_features.TestNewEndpointsAuth" name="test_requires_bearer_token[get-/broadcast/logs-None]" time="0.204" /><testcase classname="tests.test_new_features.TestNewEndpointsAuth" name="test_requires_bearer_token[post-/broadcast/logs/x/resend-None]" time="0.196" /><testcase classname="tests.test_new_features.TestNewEndpointsAuth" name="test_requires_bearer_token[get-/faqs-None]" time="0.190" /><testcase classname="tests.test_new_features.TestNewEndpointsAuth" name="test_requires_bearer_token[post-/faqs-body10]" time="0.273" /><testcase classname="tests.test_new_features.TestNewEndpointsAuth" name="test_requires_bearer_token[patch-/faqs/x-body11]" time="0.312" /><testcase classname="tests.test_new_features.TestNewEndpointsAuth" name="test_requires_bearer_token[delete-/faqs/x-None]" time="0.290" /><testcase classname="tests.test_new_features.TestNewEndpointsAuth" name="test_requires_bearer_token[get-/support-None]" time="0.205" /><testcase classname="tests.test_new_features.TestNewEndpointsAuth" name="test_requires_bearer_token[put-/support-body14]" time="0.245" /><testcase classname="tests.test_new_features.TestNewEndpointsAuth" name="test_bad_token_rejected" time="0.174" /><testcase classname="tests.test_username_md_rca.TestUsernameMarkdownRCA" name="test_username_with_underscore_breaks_channel_broadcast" time="1.779" /><testcase classname="tests.test_username_md_rca.TestUsernameMarkdownRCA" name="test_firstname_with_asterisk_breaks_channel_broadcast" time="1.639" /><testcase classname="tests.test_username_md_rca.TestUsernameMarkdownRCA" name="test_task_title_with_underscore_still_approves" time="1.113" /></testsuite></testsuites>