<?xml version="1.0" encoding="utf-8"?><testsuites name="pytest tests"><testsuite name="pytest" errors="0" failures="0" skipped="0" tests="59" time="21.305" timestamp="2026-09-03T14:31:47.826654+00:00" hostname="agent-env-0fe2677c-24ff-48b3-881c-93af87ae02cb"><testcase classname="tests.backend_test.TestAuthProtection" name="test_requires_token[get-/auth/me]" time="0.528" /><testcase classname="tests.backend_test.TestAuthProtection" name="test_requires_token[get-/stats/overview]" time="0.294" /><testcase classname="tests.backend_test.TestUsers" name="test_list_users" time="0.905" /><testcase classname="tests.backend_test.TestAuthProtection" name="test_requires_token[get-/tasks]" time="0.365" /><testcase classname="tests.backend_test.TestUsers" name="test_user_detail_and_adjust" time="2.610" /><testcase classname="tests.backend_test.TestAuthProtection" name="test_requires_token[post-/tasks]" time="0.309" /><testcase classname="tests.backend_test.TestAuthProtection" name="test_requires_token[get-/submissions]" time="0.221" /><testcase classname="tests.backend_test.TestAuthProtection" name="test_requires_token[get-/withdrawals]" time="0.239" /><testcase classname="tests.backend_test.TestAuthProtection" name="test_requires_token[get-/users]" time="0.261" /><testcase classname="tests.backend_test.TestAuthProtection" name="test_requires_token[get-/users/802076701]" time="0.202" /><testcase classname="tests.backend_test.TestAuthProtection" name="test_requires_token[get-/broadcast/logs]" time="0.270" /><testcase classname="tests.backend_test.TestAuthProtection" name="test_requires_token[post-/broadcast/manual]" time="0.197" /><testcase classname="tests.backend_test.TestAuthProtection" name="test_requires_token[patch-/tasks/xyz]" time="0.233" /><testcase classname="tests.backend_test.TestAuthProtection" name="test_requires_token[delete-/tasks/xyz]" time="0.319" /><testcase classname="tests.backend_test.TestAuthProtection" name="test_requires_token[post-/submissions/xyz/approve]" time="0.252" /><testcase classname="tests.backend_test.TestUsers" name="test_adjust_cannot_go_negative" time="0.103" /><testcase classname="tests.backend_test.TestUsers" name="test_adjust_exact_to_zero_allowed" time="0.936" /><testcase classname="tests.backend_test.TestAuthProtection" name="test_requires_token[post-/submissions/xyz/reject]" time="0.235" /><testcase classname="tests.backend_test.TestAuthProtection" name="test_requires_token[post-/withdrawals/xyz/approve]" time="0.214" /><testcase classname="tests.backend_test.TestAuthProtection" name="test_requires_token[post-/withdrawals/xyz/reject]" time="0.205" /><testcase classname="tests.backend_test.TestAuthProtection" name="test_requires_token[post-/users/802076701/adjust]" time="0.251" /><testcase classname="tests.backend_test.TestUsers" name="test_user_detail_not_found" time="0.128" /><testcase classname="tests.backend_test.TestAuthProtection" name="test_invalid_token_rejected" time="0.232" /><testcase classname="tests.backend_test.TestUsers" name="test_adjust_user_not_found" time="0.106" /><testcase classname="tests.backend_test.TestUsers" name="test_user_detail_invalid_id_type" time="0.079" /><testcase classname="tests.backend_test.TestAuthProtection" name="test_public_endpoints_open" time="0.219" /><testcase classname="tests.backend_test.TestWithdrawals" name="test_list_withdrawals" time="0.097" /><testcase classname="tests.backend_test.TestWithdrawals" name="test_approve_withdrawal_flow" time="2.313" /><testcase classname="tests.backend_test.TestHealthAndAuth" name="test_health" time="0.068" /><testcase classname="tests.backend_test.TestHealthAndAuth" name="test_login_success" time="0.076" /><testcase classname="tests.backend_test.TestHealthAndAuth" name="test_login_wrong_password" time="0.080" /><testcase classname="tests.backend_test.TestHealthAndAuth" name="test_login_wrong_username" time="0.087" /><testcase classname="tests.backend_test.TestHealthAndAuth" name="test_login_missing_field" time="0.070" /><testcase classname="tests.backend_test.TestHealthAndAuth" name="test_auth_me" time="0.554" /><testcase classname="tests.backend_test.TestSubmissions" name="test_list_submissions_filters" time="0.230" /><testcase classname="tests.backend_test.TestSubmissions" name="test_approve_submission_credits_user" time="1.569" /><testcase classname="tests.backend_test.TestWithdrawals" name="test_approve_withdrawal_requires_image" time="0.121" /><testcase classname="tests.backend_test.TestWithdrawals" name="test_reject_withdrawal_refunds" time="1.033" /><testcase classname="tests.backend_test.TestSubmissions" name="test_reject_submission" time="1.266" /><testcase classname="tests.backend_test.TestWithdrawals" name="test_withdrawal_not_found" time="0.178" /><testcase classname="tests.backend_test.TestWithdrawals" name="test_approve_withdrawal_missing_user" time="0.098" /><testcase classname="tests.test_broadcast_rca.TestBroadcastMarkdownRCA" name="test_plain_text_broadcast_succeeds" time="0.491" /><testcase classname="tests.backend_test.TestSubmissions" name="test_approve_nonexistent_submission" time="0.085" /><testcase classname="tests.backend_test.TestSubmissions" name="test_approve_submission_with_missing_task" time="0.107" /><testcase classname="tests.test_broadcast_rca.TestBroadcastMarkdownRCA" name="test_underscore_text_broadcast_ok" time="0.652" /><testcase classname="tests.backend_test.TestTaskCRUD" name="test_task_full_crud" time="0.715" /><testcase classname="tests.test_broadcast_rca.TestBroadcastMarkdownRCA" name="test_asterisk_text_broadcast_ok" time="0.620" /><testcase classname="tests.backend_test.TestTaskCRUD" name="test_create_task_validation" time="0.091" /><testcase classname="tests.backend_test.TestTaskCRUD" name="test_patch_nonexistent_task" time="0.109" /><testcase classname="tests.backend_test.TestTaskCRUD" name="test_delete_nonexistent_task" time="0.119" /><testcase classname="tests.backend_test.TestBroadcast" name="test_broadcast_logs" time="0.183" /><testcase classname="tests.test_broadcast_rca.TestBroadcastMarkdownRCA" name="test_withdraw_approve_broadcast_silently_fails_with_md_chars" time="1.549" /><testcase classname="tests.backend_test.TestBroadcast" name="test_manual_broadcast" time="0.735" /><testcase classname="tests.backend_test.TestBroadcast" name="test_manual_broadcast_validation" time="0.108" /><testcase classname="tests.backend_test.TestStats" name="test_overview_shape" time="0.183" /><testcase classname="tests.test_broadcast_rca.TestBroadcastMarkdownRCA" name="test_withdraw_approve_broadcast_ok_plain_note" time="1.399" /><testcase classname="tests.test_username_md_rca.TestUsernameMarkdownRCA" name="test_username_with_underscore_breaks_channel_broadcast" time="1.533" /><testcase classname="tests.test_username_md_rca.TestUsernameMarkdownRCA" name="test_firstname_with_asterisk_breaks_channel_broadcast" time="1.535" /><testcase classname="tests.test_username_md_rca.TestUsernameMarkdownRCA" name="test_task_title_with_underscore_still_approves" time="0.988" /></testsuite></testsuites>